Using pre-set license
Built from '2021.1/staging' branch; Version is '2021.1.5f1 (3737af19df53) revision 3618735'; Using compiler version '192528614'; Build Type 'Release'
OS: 'Windows 10 Home; OS build 19042.1348; Version 2009; 64bit' Language: 'fi' Physical Memory: 8076 MB
BatchMode: 1, IsHumanControllingUs: 0, StartBugReporterOnCrash: 0, Is64bit: 1, IsPro: 0

 COMMAND LINE ARGUMENTS:
C:\Program Files\Unity\Hub\Editor\2021.1.5f1\Editor\Unity.exe
-adb2
-batchMode
-noUpm
-name
AssetImportWorker140
-projectPath
D:/Unity/Pilgrim/Pilgrim
-logFile
Logs/AssetImportWorker140.log
-srvPort
50398
Successfully changed project path to: D:/Unity/Pilgrim/Pilgrim
D:/Unity/Pilgrim/Pilgrim
Using Asset Import Pipeline V2.
Assertion failed on expression: 'm_ErrorCode == MDB_MAP_RESIZED || !HasAbortingErrors()'

received signal from system: SIGSEGV
Stack trace:
0x00007ff6b2a3688c (Unity) StackWalker::GetCurrentCallstack
0x00007ff6b2a3ca29 (Unity) StackWalker::ShowCallstack
0x00007ff6b322fa43 (Unity) GetStacktrace
0x00007ff6b2a35f70 (Unity) winutils::CrashHandler::DefaultSignalHandler
0x00007ff6b4dbaade (Unity) seh_filter_exe
0x00007ff6b4e8334d (Unity) `__scrt_common_main_seh'::`1'::filt$0
0x00007ff6b4d879b8 (Unity) _C_specific_handler
0x00007ffeafed20cf (ntdll) _chkstk
0x00007ffeafe81454 (ntdll) RtlRaiseException
0x00007ffeafed0bfe (ntdll) KiUserExceptionDispatcher
0x00007ff6b3359a8b (Unity) SourceAssetDBReadTxn::SourceAssetDBReadTxn
0x00007ff6b3327d26 (Unity) SyncAssetFoldersWithDB
0x00007ff6b331701d (Unity) InitializeAssetDatabaseV2
0x00007ff6b32b5265 (Unity) AssetDatabase::InitializeAssetDatabase
0x00007ff6b2e2a300 (Unity) Application::InitializeProject
0x00007ff6b32390e7 (Unity) WinMain
0x00007ff6b4d651f2 (Unity) __scrt_common_main_seh
0x00007ffeae3f7034 (KERNEL32) BaseThreadInitThunk
0x00007ffeafe82651 (ntdll) RtlUserThreadStart

